<?xml version="1.0" encoding="UTF-8"?>
<testng-results ignored="0" total="1" passed="1" failed="0" skipped="0">
  <reporter-output>
  </reporter-output>
  <suite started-at="2023-12-08T12:26:09Z" name="Default suite" finished-at="2023-12-08T12:26:28Z" duration-ms="18814">
    <groups>
    </groups>
    <test started-at="2023-12-08T12:26:09Z" name="Default test" finished-at="2023-12-08T12:26:28Z" duration-ms="18814">
      <class name="com.testPackage.SamplePOSTMethod">
        <test-method signature="verifyPOSTRequest()[pri:0, instance:com.testPackage.SamplePOSTMethod@2898ac89]" started-at="2023-12-08T12:26:09Z" name="verifyPOSTRequest" finished-at="2023-12-08T12:26:28Z" duration-ms="18794" status="PASS">
          <reporter-output>
          </reporter-output>
        </test-method> <!-- verifyPOSTRequest -->
      </class> <!-- com.testPackage.SamplePOSTMethod -->
    </test> <!-- Default test -->
  </suite> <!-- Default suite -->
</testng-results>
